2022-05-14 19:50:01.920  INFO 9237 --- [restartedMain] JIDMU.product.JIDMUMApplication          : Starting JIDMUMApplication using Java 13.0.1 on lisbono with PID 9237 (/Users/theetouchkasemarnontana/Documents/PJ/Frontend/target/classes started by theetouchkasemarnontana in /Users/theetouchkasemarnontana/Documents/PJ/Frontend)
2022-05-14 19:50:01.934  INFO 9237 --- [restartedMain] JIDMU.product.JIDMUMApplication          : No active profile set, falling back to 1 default profile: "default"
2022-05-14 19:50:01.977  INFO 9237 --- [restartedMain] .e.DevToolsPropertyDefaultsPostProcessor : Devtools property defaults active! Set 'spring.devtools.add-properties' to 'false' to disable
2022-05-14 19:50:01.999  INFO 9237 --- [restartedMain] .e.DevToolsPropertyDefaultsPostProcessor : For additional web related logging consider setting the 'logging.level.web' property to 'DEBUG'
2022-05-14 19:50:02.686  INFO 9237 --- [restartedMain] .s.d.r.c.RepositoryConfigurationDelegate : Bootstrapping Spring Data JPA repositories in DEFAULT mode.
2022-05-14 19:50:02.738  INFO 9237 --- [restartedMain] .s.d.r.c.RepositoryConfigurationDelegate : Finished Spring Data repository scanning in 43 ms. Found 2 JPA repository interfaces.
2022-05-14 19:50:03.396  INFO 9237 --- [restartedMain] o.s.b.w.embedded.tomcat.TomcatWebServer  : Tomcat initialized with port(s): 8090 (http)
2022-05-14 19:50:03.404  INFO 9237 --- [restartedMain] o.apache.catalina.core.StandardService   : Starting service [Tomcat]
2022-05-14 19:50:03.404  INFO 9237 --- [restartedMain] org.apache.catalina.core.StandardEngine  : Starting Servlet engine: [Apache Tomcat/9.0.62]
2022-05-14 19:50:03.474  INFO 9237 --- [restartedMain] o.a.c.c.C.[Tomcat].[localhost].[/]       : Initializing Spring embedded WebApplicationContext
2022-05-14 19:50:03.475  INFO 9237 --- [restartedMain] w.s.c.ServletWebServerApplicationContext : Root WebApplicationContext: initialization completed in 1475 ms
2022-05-14 19:50:03.499  INFO 9237 --- [restartedMain] com.zaxxer.hikari.HikariDataSource       : HikariPool-1 - Starting...
2022-05-14 19:50:03.604  INFO 9237 --- [restartedMain] com.zaxxer.hikari.HikariDataSource       : HikariPool-1 - Start completed.
2022-05-14 19:50:03.611  INFO 9237 --- [restartedMain] o.s.b.a.h2.H2ConsoleAutoConfiguration    : H2 console available at '/h2-console'. Database available at 'jdbc:h2:mem:product'
2022-05-14 19:50:03.699  INFO 9237 --- [restartedMain] o.hibernate.jpa.internal.util.LogHelper  : HHH000204: Processing PersistenceUnitInfo [name: default]
2022-05-14 19:50:03.750  INFO 9237 --- [restartedMain] org.hibernate.Version                    : HHH000412: Hibernate ORM core version 5.6.8.Final
2022-05-14 19:50:03.879  INFO 9237 --- [restartedMain] o.hibernate.annotations.common.Version   : HCANN000001: Hibernate Commons Annotations {5.1.2.Final}
2022-05-14 19:50:03.965  INFO 9237 --- [restartedMain] org.hibernate.dialect.Dialect            : HHH000400: Using dialect: org.hibernate.dialect.H2Dialect
2022-05-14 19:50:04.438  INFO 9237 --- [restartedMain] o.h.e.t.j.p.i.JtaPlatformInitiator       : HHH000490: Using JtaPlatform implementation: [org.hibernate.engine.transaction.jta.platform.internal.NoJtaPlatform]
2022-05-14 19:50:04.444  INFO 9237 --- [restartedMain] j.LocalContainerEntityManagerFactoryBean : Initialized JPA EntityManagerFactory for persistence unit 'default'
2022-05-14 19:50:04.511  WARN 9237 --- [restartedMain] JpaBaseConfiguration$JpaWebConfiguration : spring.jpa.open-in-view is enabled by default. Therefore, database queries may be performed during view rendering. Explicitly configure spring.jpa.open-in-view to disable this warning
2022-05-14 19:50:04.955  WARN 9237 --- [restartedMain] o.s.s.c.a.web.builders.WebSecurity       : You are asking Spring Security to ignore Ant [pattern='/h2-console/**']. This is not recommended -- please use permitAll via HttpSecurity#authorizeHttpRequests instead.
2022-05-14 19:50:04.956  INFO 9237 --- [restartedMain] o.s.s.web.DefaultSecurityFilterChain     : Will not secure Ant [pattern='/h2-console/**']
2022-05-14 19:50:05.002  INFO 9237 --- [restartedMain] o.s.s.web.DefaultSecurityFilterChain     : Will secure any request with [org.springframework.security.web.context.request.async.WebAsyncManagerIntegrationFilter@499dc5e4, org.springframework.security.web.context.SecurityContextPersistenceFilter@aaf270c, org.springframework.security.web.header.HeaderWriterFilter@6c430bdd, org.springframework.security.web.csrf.CsrfFilter@7aa6f499, org.springframework.security.web.authentication.logout.LogoutFilter@5f81ddfb, org.springframework.security.oauth2.client.web.OAuth2AuthorizationRequestRedirectFilter@3a8f0c22, org.springframework.security.oauth2.client.web.OAuth2LoginAuthenticationFilter@7fab33c9, org.springframework.security.web.authentication.UsernamePasswordAuthenticationFilter@7c802bab, org.springframework.security.web.savedrequest.RequestCacheAwareFilter@15e9f4fe, org.springframework.security.web.servletapi.SecurityContextHolderAwareRequestFilter@351b1bb1, org.springframework.security.web.authentication.AnonymousAuthenticationFilter@685a7788, org.springframework.security.web.session.SessionManagementFilter@5d0f49f1, org.springframework.security.web.access.ExceptionTranslationFilter@50ebb7b5, org.springframework.security.web.access.intercept.FilterSecurityInterceptor@6aa98320]
2022-05-14 19:50:05.308  WARN 9237 --- [restartedMain] o.s.b.d.a.OptionalLiveReloadServer       : Unable to start LiveReload server
2022-05-14 19:50:05.336  INFO 9237 --- [restartedMain] o.s.b.w.embedded.tomcat.TomcatWebServer  : Tomcat started on port(s): 8090 (http) with context path ''
2022-05-14 19:50:05.348  INFO 9237 --- [restartedMain] JIDMU.product.JIDMUMApplication          : Started JIDMUMApplication in 3.917 seconds (JVM running for 4.721)
2022-05-14 19:50:19.043  INFO 9237 --- [http-nio-8090-exec-1] o.a.c.c.C.[Tomcat].[localhost].[/]       : Initializing Spring DispatcherServlet 'dispatcherServlet'
2022-05-14 19:50:19.045  INFO 9237 --- [http-nio-8090-exec-1] o.s.web.servlet.DispatcherServlet        : Initializing Servlet 'dispatcherServlet'
2022-05-14 19:50:19.047  INFO 9237 --- [http-nio-8090-exec-1] o.s.web.servlet.DispatcherServlet        : Completed initialization in 2 ms
2022-05-14 20:02:40.851  INFO 9237 --- [Thread-1] j.LocalContainerEntityManagerFactoryBean : Closing JPA EntityManagerFactory for persistence unit 'default'
2022-05-14 20:02:41.057  WARN 9237 --- [Thread-1] o.s.b.f.support.DisposableBeanAdapter    : Invocation of destroy method failed on bean with name 'inMemoryDatabaseShutdownExecutor': org.h2.jdbc.JdbcSQLNonTransientConnectionException: Database is already closed (to disable automatic closing at VM shutdown, add ";DB_CLOSE_ON_EXIT=FALSE" to the db URL) [90121-200]
2022-05-14 20:02:41.058  INFO 9237 --- [Thread-1] com.zaxxer.hikari.HikariDataSource       : HikariPool-1 - Shutdown initiated...
2022-05-14 20:02:41.062  INFO 9237 --- [Thread-1] com.zaxxer.hikari.HikariDataSource       : HikariPool-1 - Shutdown completed.
2022-05-14 20:04:18.646  INFO 9480 --- [restartedMain] JIDMU.product.JIDMUMApplication          : Starting JIDMUMApplication using Java 13.0.1 on lisbono with PID 9480 (/Users/theetouchkasemarnontana/Documents/PJ/Frontend/target/classes started by theetouchkasemarnontana in /Users/theetouchkasemarnontana/Documents/PJ/Frontend)
2022-05-14 20:04:18.648  INFO 9480 --- [restartedMain] JIDMU.product.JIDMUMApplication          : No active profile set, falling back to 1 default profile: "default"
2022-05-14 20:04:18.685  INFO 9480 --- [restartedMain] .e.DevToolsPropertyDefaultsPostProcessor : Devtools property defaults active! Set 'spring.devtools.add-properties' to 'false' to disable
2022-05-14 20:04:18.685  INFO 9480 --- [restartedMain] .e.DevToolsPropertyDefaultsPostProcessor : For additional web related logging consider setting the 'logging.level.web' property to 'DEBUG'
2022-05-14 20:04:19.381  INFO 9480 --- [restartedMain] .s.d.r.c.RepositoryConfigurationDelegate : Bootstrapping Spring Data JPA repositories in DEFAULT mode.
2022-05-14 20:04:19.430  INFO 9480 --- [restartedMain] .s.d.r.c.RepositoryConfigurationDelegate : Finished Spring Data repository scanning in 39 ms. Found 2 JPA repository interfaces.
2022-05-14 20:04:20.011  INFO 9480 --- [restartedMain] o.s.b.w.embedded.tomcat.TomcatWebServer  : Tomcat initialized with port(s): 8090 (http)
2022-05-14 20:04:20.019  INFO 9480 --- [restartedMain] o.apache.catalina.core.StandardService   : Starting service [Tomcat]
2022-05-14 20:04:20.020  INFO 9480 --- [restartedMain] org.apache.catalina.core.StandardEngine  : Starting Servlet engine: [Apache Tomcat/9.0.62]
2022-05-14 20:04:20.102  INFO 9480 --- [restartedMain] o.a.c.c.C.[Tomcat].[localhost].[/]       : Initializing Spring embedded WebApplicationContext
2022-05-14 20:04:20.102  INFO 9480 --- [restartedMain] w.s.c.ServletWebServerApplicationContext : Root WebApplicationContext: initialization completed in 1416 ms
2022-05-14 20:04:20.128  INFO 9480 --- [restartedMain] com.zaxxer.hikari.HikariDataSource       : HikariPool-1 - Starting...
2022-05-14 20:04:20.234  INFO 9480 --- [restartedMain] com.zaxxer.hikari.HikariDataSource       : HikariPool-1 - Start completed.
2022-05-14 20:04:20.242  INFO 9480 --- [restartedMain] o.s.b.a.h2.H2ConsoleAutoConfiguration    : H2 console available at '/h2-console'. Database available at 'jdbc:h2:mem:product'
2022-05-14 20:04:20.345  INFO 9480 --- [restartedMain] o.hibernate.jpa.internal.util.LogHelper  : HHH000204: Processing PersistenceUnitInfo [name: default]
2022-05-14 20:04:20.393  INFO 9480 --- [restartedMain] org.hibernate.Version                    : HHH000412: Hibernate ORM core version 5.6.8.Final
2022-05-14 20:04:20.541  INFO 9480 --- [restartedMain] o.hibernate.annotations.common.Version   : HCANN000001: Hibernate Commons Annotations {5.1.2.Final}
2022-05-14 20:04:20.626  INFO 9480 --- [restartedMain] org.hibernate.dialect.Dialect            : HHH000400: Using dialect: org.hibernate.dialect.H2Dialect
2022-05-14 20:04:21.114  INFO 9480 --- [restartedMain] o.h.e.t.j.p.i.JtaPlatformInitiator       : HHH000490: Using JtaPlatform implementation: [org.hibernate.engine.transaction.jta.platform.internal.NoJtaPlatform]
2022-05-14 20:04:21.120  INFO 9480 --- [restartedMain] j.LocalContainerEntityManagerFactoryBean : Initialized JPA EntityManagerFactory for persistence unit 'default'
2022-05-14 20:04:21.187  WARN 9480 --- [restartedMain] JpaBaseConfiguration$JpaWebConfiguration : spring.jpa.open-in-view is enabled by default. Therefore, database queries may be performed during view rendering. Explicitly configure spring.jpa.open-in-view to disable this warning
2022-05-14 20:04:21.691  WARN 9480 --- [restartedMain] o.s.s.c.a.web.builders.WebSecurity       : You are asking Spring Security to ignore Ant [pattern='/h2-console/**']. This is not recommended -- please use permitAll via HttpSecurity#authorizeHttpRequests instead.
2022-05-14 20:04:21.691  INFO 9480 --- [restartedMain] o.s.s.web.DefaultSecurityFilterChain     : Will not secure Ant [pattern='/h2-console/**']
2022-05-14 20:04:21.741  INFO 9480 --- [restartedMain] o.s.s.web.DefaultSecurityFilterChain     : Will secure any request with [org.springframework.security.web.context.request.async.WebAsyncManagerIntegrationFilter@6578254c, org.springframework.security.web.context.SecurityContextPersistenceFilter@38053402, org.springframework.security.web.header.HeaderWriterFilter@54d2b3e1, org.springframework.security.web.csrf.CsrfFilter@2bd6521c, org.springframework.security.web.authentication.logout.LogoutFilter@62e5ac72, org.springframework.security.oauth2.client.web.OAuth2AuthorizationRequestRedirectFilter@3fe853fb, org.springframework.security.oauth2.client.web.OAuth2LoginAuthenticationFilter@9d59e4e, org.springframework.security.web.authentication.UsernamePasswordAuthenticationFilter@4ac62d3f, org.springframework.security.web.savedrequest.RequestCacheAwareFilter@7dfcb8aa, org.springframework.security.web.servletapi.SecurityContextHolderAwareRequestFilter@651c68ff, org.springframework.security.web.authentication.AnonymousAuthenticationFilter@69543b7f, org.springframework.security.web.session.SessionManagementFilter@558415cb, org.springframework.security.web.access.ExceptionTranslationFilter@33e7888f, org.springframework.security.web.access.intercept.FilterSecurityInterceptor@42d5a624]
2022-05-14 20:04:22.011  WARN 9480 --- [restartedMain] o.s.b.d.a.OptionalLiveReloadServer       : Unable to start LiveReload server
2022-05-14 20:04:22.041  INFO 9480 --- [restartedMain] o.s.b.w.embedded.tomcat.TomcatWebServer  : Tomcat started on port(s): 8090 (http) with context path ''
2022-05-14 20:04:22.052  INFO 9480 --- [restartedMain] JIDMU.product.JIDMUMApplication          : Started JIDMUMApplication in 3.725 seconds (JVM running for 4.301)
2022-05-14 20:04:32.378  INFO 9480 --- [http-nio-8090-exec-1] o.a.c.c.C.[Tomcat].[localhost].[/]       : Initializing Spring DispatcherServlet 'dispatcherServlet'
2022-05-14 20:04:32.379  INFO 9480 --- [http-nio-8090-exec-1] o.s.web.servlet.DispatcherServlet        : Initializing Servlet 'dispatcherServlet'
2022-05-14 20:04:32.380  INFO 9480 --- [http-nio-8090-exec-1] o.s.web.servlet.DispatcherServlet        : Completed initialization in 1 ms
2022-05-14 20:05:27.597  INFO 9480 --- [http-nio-8090-exec-6] J.product.service.UserDetailsServiceImp  : lisbono2001 has successfully logged in at 2022-05-14T13:05:27.597135Z
2022-05-14 20:05:51.513  WARN 9480 --- [http-nio-8090-exec-7] .w.s.m.s.DefaultHandlerExceptionResolver : Resolved [org.springframework.web.method.annotation.MethodArgumentTypeMismatchException: Failed to convert value of type 'java.lang.String' to required type 'java.util.UUID'; nested exception is java.lang.NumberFormatException: Error at index 2 in: "7dsd"]
